Flutter crash report.
Please report a bug at https://github.com/flutter/flutter/issues.

## command

flutter --no-color build apk

## exception

FileSystemException: FileSystemException: Cannot create file, path = 'C:\Users\alaft\StudioProjects\printonex_final\build\app\outputs\flutter-apk\app.apk' (OS Error: Operation did not complete successfully because the file contains a virus or potentially unwanted software.
, errno = 225)

```
#0      _File.throwIfError (dart:io/file_impl.dart:635:7)
#1      _File.createSync (dart:io/file_impl.dart:273:5)
#2      ForwardingFile.createSync (package:file/src/forwarding/forwarding_file.dart:23:16)
#3      ErrorHandlingFile.copySync.<anonymous closure> (package:flutter_tools/src/base/error_handling_io.dart:323:24)
#4      _runSync (package:flutter_tools/src/base/error_handling_io.dart:597:14)
#5      ErrorHandlingFile.copySync (package:flutter_tools/src/base/error_handling_io.dart:322:5)
#6      AndroidGradleBuilder.buildGradleApp (package:flutter_tools/src/android/gradle.dart:483:13)
<asynchronous suspension>
#7      AndroidGradleBuilder.buildApk (package:flutter_tools/src/android/gradle.dart:184:5)
<asynchronous suspension>
#8      BuildApkCommand.runCommand (package:flutter_tools/src/commands/build_apk.dart:109:5)
<asynchronous suspension>
#9      FlutterCommand.run.<anonymous closure> (package:flutter_tools/src/runner/flutter_command.dart:1183:27)
<asynchronous suspension>
#10     AppContext.run.<anonymous closure> (package:flutter_tools/src/base/context.dart:150:19)
<asynchronous suspension>
#11     CommandRunner.runCommand (package:args/command_runner.dart:209:13)
<asynchronous suspension>
#12     FlutterCommandRunner.runCommand.<anonymous closure> (package:flutter_tools/src/runner/flutter_command_runner.dart:281:9)
<asynchronous suspension>
#13     AppContext.run.<anonymous closure> (package:flutter_tools/src/base/context.dart:150:19)
<asynchronous suspension>
#14     FlutterCommandRunner.runCommand (package:flutter_tools/src/runner/flutter_command_runner.dart:229:5)
<asynchronous suspension>
#15     run.<anonymous closure>.<anonymous closure> (package:flutter_tools/runner.dart:62:9)
<asynchronous suspension>
#16     AppContext.run.<anonymous closure> (package:flutter_tools/src/base/context.dart:150:19)
<asynchronous suspension>
#17     main (package:flutter_tools/executable.dart:94:3)
<asynchronous suspension>
```

## flutter doctor

```
[✓] Flutter (Channel stable, 3.0.5, on Microsoft Windows [Version 10.0.19045.2364], locale en-IN)
    • Flutter version 3.0.5 at C:\flutter
    • Upstream repository https://github.com/flutter/flutter.git
    • Framework revision f1875d570e (6 months ago), 2022-07-13 11:24:16 -0700
    • Engine revision e85ea0e79c
    • Dart version 2.17.6
    • DevTools version 2.12.2

[✓] Android toolchain - develop for Android devices (Android SDK version 33.0.0)
    • Android SDK at C:\Users\alaft\AppData\Local\Android\sdk
    • Platform android-33, build-tools 33.0.0
    • Java binary at: C:\Program Files\Android\Android Studio\jre\bin\java
    • Java version OpenJDK Runtime Environment (build 11.0.12+7-b1504.28-7817840)
    • All Android licenses accepted.

[✓] Chrome - develop for the web
    • Chrome at C:\Program Files\Google\Chrome\Application\chrome.exe

[✗] Visual Studio - develop for Windows
    ✗ Visual Studio not installed; this is necessary for Windows development.
      Download at https://visualstudio.microsoft.com/downloads/.
      Please install the "Desktop development with C++" workload, including all of its default components

[✓] Android Studio (version 2021.2)
    • Android Studio at C:\Program Files\Android\Android Studio
    • Flutter plugin can be installed from:
      🔨 https://plugins.jetbrains.com/plugin/9212-flutter
    • Dart plugin can be installed from:
      🔨 https://plugins.jetbrains.com/plugin/6351-dart
    • Java version OpenJDK Runtime Environment (build 11.0.12+7-b1504.28-7817840)

[✓] VS Code (version 1.74.3)
    • VS Code at C:\Users\alaft\AppData\Local\Programs\Microsoft VS Code
    • Flutter extension version 3.48.0

[✓] Connected device (3 available)
    • Windows (desktop) • windows • windows-x64    • Microsoft Windows [Version 10.0.19045.2364]
    • Chrome (web)      • chrome  • web-javascript • Google Chrome 109.0.5414.75
    • Edge (web)        • edge    • web-javascript • Microsoft Edge 108.0.1462.54

[✓] HTTP Host Availability
    • All required HTTP hosts are available

! Doctor found issues in 1 category.
```
